{
  "RSpec": {
    "coverage": {
      "/Users/jackbranch/Desktop/Makers Course Files/Week 4/BookmarkManager/app.rb": [
        1,
        1,
        1,
        null,
        1,
        1,
        1,
        null,
        1,
        null,
        6,
        null,
        null,
        1,
        9,
        9,
        9,
        null,
        null,
        1,
        3,
        null,
        null,
        1,
        3,
        null,
        null,
        1,
        1,
        1,
        1,
        null,
        null,
        1,
        2,
        1,
        1,
        null,
        1,
        1,
        null,
        null,
        1,
        2,
        2,
        2,
        1,
        1,
        null,
        1,
        1,
        null,
        null,
        1,
        null
      ],
      "/Users/jackbranch/Desktop/Makers Course Files/Week 4/BookmarkManager/model/bookmark.rb": [
        1,
        null,
        1,
        1,
        14,
        14,
        28,
        null,
        null,
        1,
        3,
        2,
        2,
        null,
        null,
        1,
        6,
        2,
        null,
        null,
        1,
        2,
        null,
        null,
        1,
        5,
        3,
        null,
        null,
        1,
        17,
        16,
        null,
        1,
        null,
        null,
        null
      ],
      "/Users/jackbranch/Desktop/Makers Course Files/Week 4/BookmarkManager/spec/bookmark_spec.rb": [
        1,
        1,
        1,
        1,
        4,
        1,
        1,
        1,
        1,
        4,
        null,
        null,
        1,
        2,
        2,
        2,
        null,
        1,
        2,
        1,
        1,
        1,
        1,
        null,
        null,
        1,
        2,
        2,
        1,
        1,
        1,
        1,
        1,
        null,
        null,
        1,
        2,
        1,
        1,
        1,
        1,
        null,
        null,
        1,
        2,
        1,
        1,
        1,
        1,
        null,
        null,
        null,
        null
      ],
      "/Users/jackbranch/Desktop/Makers Course Files/Week 4/BookmarkManager/spec/web_helper.rb": [
        null,
        null,
        1,
        39,
        null,
        null,
        null,
        null,
        1,
        6,
        6,
        18,
        null,
        null
      ],
      "/Users/jackbranch/Desktop/Makers Course Files/Week 4/BookmarkManager/spec/features/adding_bookmarks_spec.rb": [
        1,
        1,
        2,
        null,
        1,
        1,
        1,
        1,
        1,
        1,
        1,
        1,
        null,
        1,
        1,
        1,
        1,
        1,
        null,
        null
      ],
      "/Users/jackbranch/Desktop/Makers Course Files/Week 4/BookmarkManager/spec/features/bookmark_deletion_spec.rb": [
        1,
        4,
        1,
        1,
        1,
        1,
        1,
        1,
        1,
        1,
        null,
        1,
        1,
        1,
        1,
        1,
        null,
        1,
        1,
        1,
        4,
        1,
        null,
        null
      ],
      "/Users/jackbranch/Desktop/Makers Course Files/Week 4/BookmarkManager/spec/features/feature_1_bookmark_list_spec.rb": [
        1,
        1,
        1,
        1,
        4,
        null,
        null
      ]
    },
    "timestamp": 1533318533
  }
}
