{
  "RSpec": {
    "coverage": {
      "/Users/jackbranch/Desktop/Makers Course Files/Week 4/BookmarkManager/app.rb": [
        1,
        1,
        1,
        null,
        1,
        1,
        1,
        null,
        1,
        null,
        3,
        null,
        null,
        1,
        5,
        5,
        5,
        null,
        null,
        1,
        2,
        null,
        null,
        1,
        2,
        2,
        1,
        1,
        null,
        1,
        1,
        null,
        null,
        1,
        null
      ],
      "/Users/jackbranch/Desktop/Makers Course Files/Week 4/BookmarkManager/model/bookmark.rb": [
        1,
        null,
        1,
        1,
        7,
        7,
        15,
        null,
        null,
        1,
        4,
        4,
        null,
        2,
        null,
        2,
        2,
        null,
        null,
        1,
        10,
        9,
        null,
        1,
        null,
        null,
        null
      ],
      "/Users/jackbranch/Desktop/Makers Course Files/Week 4/BookmarkManager/spec/bookmark_spec.rb": [
        1,
        1,
        1,
        1,
        1,
        2,
        1,
        1,
        3,
        null,
        1,
        null,
        null,
        1,
        2,
        1,
        1,
        1,
        1,
        null,
        1,
        1,
        null,
        null,
        1,
        2,
        1,
        1,
        1,
        1,
        null,
        null,
        null,
        null
      ],
      "/Users/jackbranch/Desktop/Makers Course Files/Week 4/BookmarkManager/spec/web_helper.rb": [
        null,
        null,
        1,
        8,
        null,
        null,
        null
      ],
      "/Users/jackbranch/Desktop/Makers Course Files/Week 4/BookmarkManager/spec/features/adding_bookmarks_spec.rb": [
        1,
        1,
        2,
        null,
        1,
        1,
        1,
        1,
        1,
        1,
        1,
        1,
        null,
        1,
        1,
        1,
        1,
        1,
        null,
        null
      ],
      "/Users/jackbranch/Desktop/Makers Course Files/Week 4/BookmarkManager/spec/features/feature_1_bookmark_list_spec.rb": [
        1,
        1,
        1,
        1,
        3,
        null,
        1,
        4,
        null,
        null
      ]
    },
    "timestamp": 1533305173
  }
}
